<?xml version="1.0" encoding="UTF-8"?>
<!-- Generated by org.testng.reporters.JUnitXMLReporter -->
<testsuite ignored="0" hostname="pooja" failures="0" tests="7" name="Default test" time="41.513" errors="0" timestamp="31 Mar 2024 11:37:45 GMT">
  <testcase classname="com.ecommerce.testcases.LoginWithUsernameAndPassword_002" name="loginTest" time="7.227"/>
  <testcase classname="com.ecommerce.testcases.Product_003" name="productSearch" time="4.094"/>
  <testcase classname="com.ecommerce.testcases.Product_003" name="productClick" time="6.183"/>
  <testcase classname="com.ecommerce.testcases.Product_003" name="productAddToCart" time="3.113"/>
  <testcase classname="com.ecommerce.testcases.Product_003" name="homePage" time="8.188"/>
  <testcase classname="com.ecommerce.testcases.Product_003" name="displayProduct" time="1.6"/>
  <testcase classname="com.ecommerce.testcases.Product_003" name="comparision" time="0.905"/>
</testsuite> <!-- Default test -->
