<?xml version="1.0" encoding="UTF-8"?>
<!-- Generated by org.testng.reporters.JUnitXMLReporter -->
<testsuite ignored="0" hostname="pooja" failures="0" tests="7" name="Test" time="47.561" errors="0" timestamp="28 Mar 2024 10:30:59 GMT">
  <testcase classname="com.ecommerce.testcases.LoginWithUsernameAndPassword_002" name="loginTest" time="12.572"/>
  <testcase classname="com.ecommerce.testcases.Product_003" name="productSearch" time="6.077"/>
  <testcase classname="com.ecommerce.testcases.Product_003" name="productClick" time="5.154"/>
  <testcase classname="com.ecommerce.testcases.Product_003" name="productAddToCart" time="3.121"/>
  <testcase classname="com.ecommerce.testcases.Product_003" name="homePage" time="9.936"/>
  <testcase classname="com.ecommerce.testcases.Product_003" name="displayProduct" time="1.519"/>
  <testcase classname="com.ecommerce.testcases.Product_003" name="comparision" time="0.944"/>
</testsuite> <!-- Test -->
