<?xml version="1.0" encoding="UTF-8"?>
<!-- Generated by org.testng.reporters.JUnitXMLReporter -->
<testsuite ignored="0" hostname="pooja" failures="0" tests="7" name="Test" time="41.469" errors="0" timestamp="29 Mar 2024 10:25:48 GMT">
  <testcase classname="com.ecommerce.testcases.LoginWithUsernameAndPassword_002" name="loginTest" time="7.807"/>
  <testcase classname="com.ecommerce.testcases.Product_003" name="productSearch" time="4.542"/>
  <testcase classname="com.ecommerce.testcases.Product_003" name="productClick" time="3.328"/>
  <testcase classname="com.ecommerce.testcases.Product_003" name="productAddToCart" time="3.137"/>
  <testcase classname="com.ecommerce.testcases.Product_003" name="homePage" time="8.077"/>
  <testcase classname="com.ecommerce.testcases.Product_003" name="displayProduct" time="1.676"/>
  <testcase classname="com.ecommerce.testcases.Product_003" name="comparision" time="0.9"/>
</testsuite> <!-- Test -->
