<?xml version="1.0" encoding="UTF-8"?>
<testng-results ignored="0" total="7" passed="7" failed="0" skipped="0">
  <reporter-output>
  </reporter-output>
  <suite started-at="2024-03-31T11:37:03Z" name="Default suite" finished-at="2024-03-31T11:37:45Z" duration-ms="41513">
    <groups>
    </groups>
    <test started-at="2024-03-31T11:37:03Z" name="Default test" finished-at="2024-03-31T11:37:45Z" duration-ms="41513">
      <class name="com.ecommerce.testcases.Product_003">
        <test-method is-config="true" signature="setUp()[pri:0, instance:com.ecommerce.testcases.Product_003@5b6ec132]" started-at="2024-03-31T11:37:16Z" name="setUp" finished-at="2024-03-31T11:37:18Z" duration-ms="2406" status="PASS">
          <reporter-output>
          </reporter-output>
        </test-method> <!-- setUp -->
        <test-method signature="productSearch()[pri:1, instance:com.ecommerce.testcases.Product_003@5b6ec132]" started-at="2024-03-31T11:37:18Z" name="productSearch" finished-at="2024-03-31T11:37:22Z" duration-ms="4094" status="PASS">
          <reporter-output>
          </reporter-output>
        </test-method> <!-- productSearch -->
        <test-method signature="productClick()[pri:2, instance:com.ecommerce.testcases.Product_003@5b6ec132]" started-at="2024-03-31T11:37:22Z" name="productClick" finished-at="2024-03-31T11:37:29Z" duration-ms="6183" status="PASS">
          <reporter-output>
          </reporter-output>
        </test-method> <!-- productClick -->
        <test-method signature="productAddToCart()[pri:3, instance:com.ecommerce.testcases.Product_003@5b6ec132]" started-at="2024-03-31T11:37:29Z" name="productAddToCart" finished-at="2024-03-31T11:37:32Z" duration-ms="3113" status="PASS">
          <reporter-output>
          </reporter-output>
        </test-method> <!-- productAddToCart -->
        <test-method signature="homePage()[pri:4, instance:com.ecommerce.testcases.Product_003@5b6ec132]" started-at="2024-03-31T11:37:32Z" name="homePage" finished-at="2024-03-31T11:37:40Z" duration-ms="8188" status="PASS">
          <reporter-output>
          </reporter-output>
        </test-method> <!-- homePage -->
        <test-method signature="displayProduct()[pri:5, instance:com.ecommerce.testcases.Product_003@5b6ec132]" started-at="2024-03-31T11:37:40Z" name="displayProduct" finished-at="2024-03-31T11:37:42Z" duration-ms="1600" status="PASS">
          <reporter-output>
          </reporter-output>
        </test-method> <!-- displayProduct -->
        <test-method signature="comparision()[pri:6, instance:com.ecommerce.testcases.Product_003@5b6ec132]" started-at="2024-03-31T11:37:42Z" name="comparision" finished-at="2024-03-31T11:37:42Z" duration-ms="905" status="PASS">
          <reporter-output>
          </reporter-output>
        </test-method> <!-- comparision -->
        <test-method is-config="true" signature="tearDown()[pri:0, instance:com.ecommerce.testcases.Product_003@5b6ec132]" started-at="2024-03-31T11:37:42Z" name="tearDown" finished-at="2024-03-31T11:37:45Z" duration-ms="2283" status="PASS">
          <reporter-output>
          </reporter-output>
        </test-method> <!-- tearDown -->
      </class> <!-- com.ecommerce.testcases.Product_003 -->
      <class name="com.ecommerce.testcases.LoginWithUsernameAndPassword_002">
        <test-method is-config="true" signature="setUp()[pri:0, instance:com.ecommerce.testcases.LoginWithUsernameAndPassword_002@5c44c582]" started-at="2024-03-31T11:37:03Z" name="setUp" finished-at="2024-03-31T11:37:07Z" duration-ms="3251" status="PASS">
          <reporter-output>
          </reporter-output>
        </test-method> <!-- setUp -->
        <test-method signature="loginTest()[pri:0, instance:com.ecommerce.testcases.LoginWithUsernameAndPassword_002@5c44c582]" started-at="2024-03-31T11:37:07Z" name="loginTest" finished-at="2024-03-31T11:37:14Z" duration-ms="7227" status="PASS">
          <reporter-output>
          </reporter-output>
        </test-method> <!-- loginTest -->
        <test-method is-config="true" signature="tearDown()[pri:0, instance:com.ecommerce.testcases.LoginWithUsernameAndPassword_002@5c44c582]" started-at="2024-03-31T11:37:14Z" name="tearDown" finished-at="2024-03-31T11:37:16Z" duration-ms="2208" status="PASS">
          <reporter-output>
          </reporter-output>
        </test-method> <!-- tearDown -->
      </class> <!-- com.ecommerce.testcases.LoginWithUsernameAndPassword_002 -->
    </test> <!-- Default test -->
  </suite> <!-- Default suite -->
</testng-results>
