<?xml version="1.0" encoding="UTF-8"?>
<testng-results ignored="0" total="6" passed="6" failed="0" skipped="0">
  <reporter-output>
  </reporter-output>
  <suite started-at="2024-03-28T10:45:26Z" name="Default suite" finished-at="2024-03-28T10:45:59Z" duration-ms="32871">
    <groups>
    </groups>
    <test started-at="2024-03-28T10:45:26Z" name="Default test" finished-at="2024-03-28T10:45:59Z" duration-ms="32871">
      <class name="com.ecommerce.testcases.Product_003">
        <test-method is-config="true" signature="setUp()[pri:0, instance:com.ecommerce.testcases.Product_003@479460a6]" started-at="2024-03-28T10:45:26Z" name="setUp" finished-at="2024-03-28T10:45:30Z" duration-ms="3844" status="PASS">
          <reporter-output>
          </reporter-output>
        </test-method> <!-- setUp -->
        <test-method signature="productSearch()[pri:1, instance:com.ecommerce.testcases.Product_003@479460a6]" started-at="2024-03-28T10:45:30Z" name="productSearch" finished-at="2024-03-28T10:45:36Z" duration-ms="6515" status="PASS">
          <reporter-output>
          </reporter-output>
        </test-method> <!-- productSearch -->
        <test-method signature="productClick()[pri:2, instance:com.ecommerce.testcases.Product_003@479460a6]" started-at="2024-03-28T10:45:36Z" name="productClick" finished-at="2024-03-28T10:45:42Z" duration-ms="6039" status="PASS">
          <reporter-output>
          </reporter-output>
        </test-method> <!-- productClick -->
        <test-method signature="productAddToCart()[pri:3, instance:com.ecommerce.testcases.Product_003@479460a6]" started-at="2024-03-28T10:45:42Z" name="productAddToCart" finished-at="2024-03-28T10:45:46Z" duration-ms="3239" status="PASS">
          <reporter-output>
          </reporter-output>
        </test-method> <!-- productAddToCart -->
        <test-method signature="homePage()[pri:4, instance:com.ecommerce.testcases.Product_003@479460a6]" started-at="2024-03-28T10:45:46Z" name="homePage" finished-at="2024-03-28T10:45:56Z" duration-ms="10897" status="PASS">
          <reporter-output>
          </reporter-output>
        </test-method> <!-- homePage -->
        <test-method signature="displayProduct()[pri:5, instance:com.ecommerce.testcases.Product_003@479460a6]" started-at="2024-03-28T10:45:56Z" name="displayProduct" finished-at="2024-03-28T10:45:58Z" duration-ms="1400" status="PASS">
          <reporter-output>
          </reporter-output>
        </test-method> <!-- displayProduct -->
        <test-method signature="comparision()[pri:6, instance:com.ecommerce.testcases.Product_003@479460a6]" started-at="2024-03-28T10:45:58Z" name="comparision" finished-at="2024-03-28T10:45:59Z" duration-ms="902" status="PASS">
          <reporter-output>
          </reporter-output>
        </test-method> <!-- comparision -->
      </class> <!-- com.ecommerce.testcases.Product_003 -->
    </test> <!-- Default test -->
  </suite> <!-- Default suite -->
</testng-results>
